<?xml version="1.0" encoding="UTF-8"?>
<testsuite xmlns:xsi="http://www.w3.org/2001/XMLSchema-instance" xsi:noNamespaceSchemaLocation="https://maven.apache.org/surefire/maven-surefire-plugin/xsd/surefire-test-report.xsd" name="GQTest" time="0.042" tests="16" errors="0" skipped="0" failures="0">
  <properties>
[...]
</properties>
  <testcase name="testSetGetHead" classname="GQTest" time="0.022"/>
  <testcase name="testSetGetTail" classname="GQTest" time="0.001"/>
  <testcase name="testEnqueue" classname="GQTest" time="0"/>
  <testcase name="testReverseIterator2" classname="GQTest" time="0.001"/>
  <testcase name="testGet" classname="GQTest" time="0.001"/>
  <testcase name="testSet" classname="GQTest" time="0"/>
  <testcase name="testDumpList" classname="GQTest" time="0"/>
  <testcase name="testIterator2" classname="GQTest" time="0"/>
  <testcase name="testPrint" classname="GQTest" time="0.001"/>
  <testcase name="testCode" classname="GQTest" time="0"/>
  <testcase name="testSetGetLength" classname="GQTest" time="0"/>
  <testcase name="testReverseIterator" classname="GQTest" time="0.001"/>
  <testcase name="testContains" classname="GQTest" time="0"/>
  <testcase name="testDequeue" classname="GQTest" time="0.001"/>
  <testcase name="testIterator" classname="GQTest" time="0"/>
  <testcase name="testConstructor" classname="GQTest" time="0"/>
</testsuite>